<?xml version="1.0" encoding="UTF-8"?>
<testng-results skipped="0" failed="0" ignored="0" total="1" passed="1">
  <reporter-output>
  </reporter-output>
  <suite name="BDD Test Suite" duration-ms="49640" started-at="2018-06-20T19:41:43Z" finished-at="2018-06-20T19:42:33Z">
    <groups>
      <group name="cucumber">
        <method signature="TestRunner.feature(cucumber.api.testng.CucumberFeatureWrapper)[pri:0, instance:runner.TestRunner@69d9c55]" name="feature" class="runner.TestRunner"/>
      </group> <!-- cucumber -->
    </groups>
    <test name="Login and Update Profile Test" duration-ms="49640" started-at="2018-06-20T19:41:43Z" finished-at="2018-06-20T19:42:33Z">
      <class name="runner.TestRunner">
        <test-method status="PASS" signature="before()[pri:0, instance:runner.TestRunner@69d9c55]" name="before" is-config="true" duration-ms="515" started-at="2018-06-21T01:11:43Z" finished-at="2018-06-21T01:11:44Z">
          <reporter-output>
          </reporter-output>
        </test-method> <!-- before -->
        <test-method status="PASS" signature="feature(cucumber.api.testng.CucumberFeatureWrapper)[pri:0, instance:runner.TestRunner@69d9c55]" name="feature" duration-ms="47086" started-at="2018-06-21T01:11:44Z" description="Runs Cucumber Feature" data-provider="features" finished-at="2018-06-21T01:12:31Z">
          <params>
            <param index="0">
              <value>
                <![CDATA[To test espresso multi login]]>
              </value>
            </param>
          </params>
          <reporter-output>
          </reporter-output>
        </test-method> <!-- feature -->
        <test-method status="PASS" signature="sendMail()[pri:0, instance:runner.TestRunner@69d9c55]" name="sendMail" is-config="true" duration-ms="1919" started-at="2018-06-21T01:12:31Z" finished-at="2018-06-21T01:12:33Z">
          <reporter-output>
          </reporter-output>
        </test-method> <!-- sendMail -->
        <test-method status="PASS" signature="test()[pri:0, instance:runner.TestRunner@69d9c55]" name="test" is-config="true" duration-ms="7854" started-at="2018-06-21T01:12:33Z" finished-at="2018-06-21T01:12:41Z">
          <reporter-output>
          </reporter-output>
        </test-method> <!-- test -->
      </class> <!-- runner.TestRunner -->
    </test> <!-- Login and Update Profile Test -->
  </suite> <!-- BDD Test Suite -->
</testng-results>
