<?xml version="1.0" encoding="UTF-8"?>
<testng-results skipped="0" failed="0" ignored="0" total="1" passed="1">
  <reporter-output>
  </reporter-output>
  <suite name="BDD Test Suite" duration-ms="38017" started-at="2018-06-20T18:52:45Z" finished-at="2018-06-20T18:53:23Z">
    <groups>
      <group name="cucumber">
        <method signature="TestRunner.feature(cucumber.api.testng.CucumberFeatureWrapper)[pri:0, instance:runner.TestRunner@3a03464]" name="feature" class="runner.TestRunner"/>
      </group> <!-- cucumber -->
    </groups>
    <test name="Login and Update Profile Test" duration-ms="38017" started-at="2018-06-20T18:52:45Z" finished-at="2018-06-20T18:53:23Z">
      <class name="runner.TestRunner">
        <test-method status="PASS" signature="before()[pri:0, instance:runner.TestRunner@3a03464]" name="before" is-config="true" duration-ms="726" started-at="2018-06-21T00:22:45Z" finished-at="2018-06-21T00:22:46Z">
          <reporter-output>
          </reporter-output>
        </test-method> <!-- before -->
        <test-method status="PASS" signature="feature(cucumber.api.testng.CucumberFeatureWrapper)[pri:0, instance:runner.TestRunner@3a03464]" name="feature" duration-ms="36627" started-at="2018-06-21T00:22:46Z" description="Runs Cucumber Feature" data-provider="features" finished-at="2018-06-21T00:23:23Z">
          <params>
            <param index="0">
              <value>
                <![CDATA[To test espresso multi login]]>
              </value>
            </param>
          </params>
          <reporter-output>
          </reporter-output>
        </test-method> <!-- feature -->
        <test-method status="PASS" signature="sendMail()[pri:0, instance:runner.TestRunner@3a03464]" name="sendMail" is-config="true" duration-ms="497" started-at="2018-06-21T00:23:23Z" finished-at="2018-06-21T00:23:23Z">
          <reporter-output>
          </reporter-output>
        </test-method> <!-- sendMail -->
        <test-method status="PASS" signature="test()[pri:0, instance:runner.TestRunner@3a03464]" name="test" is-config="true" duration-ms="5135" started-at="2018-06-21T00:23:23Z" finished-at="2018-06-21T00:23:28Z">
          <reporter-output>
          </reporter-output>
        </test-method> <!-- test -->
      </class> <!-- runner.TestRunner -->
    </test> <!-- Login and Update Profile Test -->
  </suite> <!-- BDD Test Suite -->
</testng-results>
